122  1111010  7A
122 = 64 + 32 + 16 + 8 + 2
122 = 1000000 + 100000 + 10000 + 1000 + 10
    = 1111010
01111010 = 0111 + 1010
0111 = 4 + 2 + 1 = 7
1010 = 8 + 2 = 10 = A
     =7A

0  0  0
0 = 0
  = 0
0 = 0


96  1100000 60
96 = 64 + 32
   = 1000000 + 100000
   = 1100000
01100000 = 0110 + 0000
0110 = 4 + 2 = 6
0000 = 0
     = 60

102 1100110 66
102 = 64 + 32 + 4 + 2
    = 1000000 + 100000 + 100 + 10
    = 1100110
01100110 = 0110 + 0110
0110 = 4 + 2 = 6
0110 = 4 + 2 = 6
     = 66

34 100010 22
34 = 32 + 2
   = 10000 + 10
   = 100010
00100010 = 0010 + 0010
0010 = 2
0010 = 2
     = 22